2025-01-15 14:21:03,340 DEBUG    root            Loaded Command Group: ['gcloud', 'components']
2025-01-15 14:21:03,342 DEBUG    root            Loaded Command Group: ['gcloud', 'components', 'update']
2025-01-15 14:21:03,344 DEBUG    root            Running [gcloud.components.update] with arguments: [--quiet: "True", COMPONENT-IDS:8: "['gcloud', 'core', 'bq', 'gsutil', 'compute', 'preview', 'alpha', 'beta']"]
2025-01-15 14:21:03,345 INFO     ___FILE_ONLY___ Beginning update. This process may take several minutes.

2025-01-15 14:21:03,355 DEBUG    urllib3.connectionpool Starting new HTTPS connection (1): dl.google.com:443
2025-01-15 14:21:03,427 DEBUG    urllib3.connectionpool https://dl.google.com:443 "GET /dl/cloudsdk/channels/rapid/components-2.json HTTP/1.1" 200 227824
2025-01-15 14:21:03,440 WARNING  root            Component [compute] no longer exists.
2025-01-15 14:21:03,441 INFO     ___FILE_ONLY___ 

2025-01-15 14:21:03,442 INFO     ___FILE_ONLY___ 
Your current Google Cloud CLI version is: 506.0.0

2025-01-15 14:21:03,442 INFO     ___FILE_ONLY___ Installing components from version: 506.0.0

2025-01-15 14:21:03,442 INFO     ___FILE_ONLY___ 

2025-01-15 14:21:03,442 DEBUG    root            Chosen display Format:table[box,title="These components will be removed."](details.display_name:label=Name:align=left,version.version_string:label=Version:align=right,data.size.size(zero="",min=1048576):label=Size:align=right)
2025-01-15 14:21:03,443 DEBUG    root            Chosen display Format:table[box,title="These components will be updated."](details.display_name:label=Name:align=left,version.version_string:label=Version:align=right,data.size.size(zero="",min=1048576):label=Size:align=right)
2025-01-15 14:21:03,443 DEBUG    root            Chosen display Format:table[box,title="These components will be installed."](details.display_name:label=Name:align=left,version.version_string:label=Version:align=right,data.size.size(zero="",min=1048576):label=Size:align=right)
2025-01-15 14:21:03,461 INFO     ___FILE_ONLY___ ┌────────────────────────────────────────────────┐
2025-01-15 14:21:03,461 INFO     ___FILE_ONLY___ 

2025-01-15 14:21:03,461 INFO     ___FILE_ONLY___ │      These components will be installed.       │
2025-01-15 14:21:03,461 INFO     ___FILE_ONLY___ 

2025-01-15 14:21:03,461 INFO     ___FILE_ONLY___ ├─────────────────────────┬────────────┬─────────┤
2025-01-15 14:21:03,461 INFO     ___FILE_ONLY___ 

2025-01-15 14:21:03,461 INFO     ___FILE_ONLY___ │           Name          │  Version   │   Size  │
2025-01-15 14:21:03,461 INFO     ___FILE_ONLY___ 

2025-01-15 14:21:03,461 INFO     ___FILE_ONLY___ ├─────────────────────────┼────────────┼─────────┤
2025-01-15 14:21:03,461 INFO     ___FILE_ONLY___ 

2025-01-15 14:21:03,462 INFO     ___FILE_ONLY___ │ 
2025-01-15 14:21:03,462 INFO     ___FILE_ONLY___ gcloud Alpha Commands  
2025-01-15 14:21:03,462 INFO     ___FILE_ONLY___  
2025-01-15 14:21:03,462 INFO     ___FILE_ONLY___ │ 
2025-01-15 14:21:03,462 INFO     ___FILE_ONLY___ 2025.01.10
2025-01-15 14:21:03,462 INFO     ___FILE_ONLY___  
2025-01-15 14:21:03,462 INFO     ___FILE_ONLY___ │ 
2025-01-15 14:21:03,462 INFO     ___FILE_ONLY___ < 1 MiB
2025-01-15 14:21:03,462 INFO     ___FILE_ONLY___  
2025-01-15 14:21:03,462 INFO     ___FILE_ONLY___ │
2025-01-15 14:21:03,462 INFO     ___FILE_ONLY___ 

2025-01-15 14:21:03,462 INFO     ___FILE_ONLY___ │ 
2025-01-15 14:21:03,462 INFO     ___FILE_ONLY___ gcloud Beta Commands   
2025-01-15 14:21:03,462 INFO     ___FILE_ONLY___  
2025-01-15 14:21:03,462 INFO     ___FILE_ONLY___ │ 
2025-01-15 14:21:03,462 INFO     ___FILE_ONLY___ 2025.01.10
2025-01-15 14:21:03,462 INFO     ___FILE_ONLY___  
2025-01-15 14:21:03,462 INFO     ___FILE_ONLY___ │ 
2025-01-15 14:21:03,462 INFO     ___FILE_ONLY___ < 1 MiB
2025-01-15 14:21:03,462 INFO     ___FILE_ONLY___  
2025-01-15 14:21:03,462 INFO     ___FILE_ONLY___ │
2025-01-15 14:21:03,463 INFO     ___FILE_ONLY___ 

2025-01-15 14:21:03,463 INFO     ___FILE_ONLY___ │ 
2025-01-15 14:21:03,463 INFO     ___FILE_ONLY___ gcloud Preview Commands
2025-01-15 14:21:03,463 INFO     ___FILE_ONLY___  
2025-01-15 14:21:03,463 INFO     ___FILE_ONLY___ │ 
2025-01-15 14:21:03,463 INFO     ___FILE_ONLY___           
2025-01-15 14:21:03,463 INFO     ___FILE_ONLY___  
2025-01-15 14:21:03,463 INFO     ___FILE_ONLY___ │ 
2025-01-15 14:21:03,463 INFO     ___FILE_ONLY___ < 1 MiB
2025-01-15 14:21:03,463 INFO     ___FILE_ONLY___  
2025-01-15 14:21:03,463 INFO     ___FILE_ONLY___ │
2025-01-15 14:21:03,463 INFO     ___FILE_ONLY___ 

2025-01-15 14:21:03,463 INFO     ___FILE_ONLY___ └─────────────────────────┴────────────┴─────────┘
2025-01-15 14:21:03,463 INFO     ___FILE_ONLY___ 

2025-01-15 14:21:03,463 INFO     ___FILE_ONLY___ 

2025-01-15 14:21:03,466 DEBUG    urllib3.connectionpool Starting new HTTPS connection (1): dl.google.com:443
2025-01-15 14:21:03,535 DEBUG    urllib3.connectionpool https://dl.google.com:443 "GET /dl/cloudsdk/channels/rapid/RELEASE_NOTES HTTP/1.1" 200 1339934
2025-01-15 14:21:03,581 INFO     ___FILE_ONLY___ For the latest full release notes, please visit:
  https://cloud.google.com/sdk/release_notes


2025-01-15 14:21:03,581 INFO     ___FILE_ONLY___ Performing in place update...


2025-01-15 14:21:03,583 INFO     ___FILE_ONLY___ ╔════════════════════════════════════════════════════════════╗

2025-01-15 14:21:03,583 INFO     ___FILE_ONLY___ ╠═ Downloading: gcloud Alpha Commands                       ═╣

2025-01-15 14:21:03,583 INFO     ___FILE_ONLY___ ╚
2025-01-15 14:21:03,586 DEBUG    urllib3.connectionpool Starting new HTTPS connection (1): dl.google.com:443
2025-01-15 14:21:03,654 DEBUG    urllib3.connectionpool https://dl.google.com:443 "GET /dl/cloudsdk/channels/rapid/components/google-cloud-sdk-alpha-20250110133808.tar.gz HTTP/1.1" 200 800
2025-01-15 14:21:03,655 INFO     ___FILE_ONLY___ ════════════════════════════════════════════════════════════
2025-01-15 14:21:03,655 INFO     ___FILE_ONLY___ ╝

2025-01-15 14:21:03,656 INFO     ___FILE_ONLY___ ╔════════════════════════════════════════════════════════════╗

2025-01-15 14:21:03,656 INFO     ___FILE_ONLY___ ╠═ Downloading: gcloud Beta Commands                        ═╣

2025-01-15 14:21:03,656 INFO     ___FILE_ONLY___ ╚
2025-01-15 14:21:03,659 DEBUG    urllib3.connectionpool Starting new HTTPS connection (1): dl.google.com:443
2025-01-15 14:21:03,731 DEBUG    urllib3.connectionpool https://dl.google.com:443 "GET /dl/cloudsdk/channels/rapid/components/google-cloud-sdk-beta-20250110133808.tar.gz HTTP/1.1" 200 797
2025-01-15 14:21:03,731 INFO     ___FILE_ONLY___ ════════════════════════════════════════════════════════════
2025-01-15 14:21:03,732 INFO     ___FILE_ONLY___ ╝

2025-01-15 14:21:03,734 INFO     ___FILE_ONLY___ ╔════════════════════════════════════════════════════════════╗

2025-01-15 14:21:03,734 INFO     ___FILE_ONLY___ ╠═ Downloading: gcloud Preview Commands                     ═╣

2025-01-15 14:21:03,734 INFO     ___FILE_ONLY___ ╚
2025-01-15 14:21:03,736 DEBUG    urllib3.connectionpool Starting new HTTPS connection (1): dl.google.com:443
2025-01-15 14:21:03,819 DEBUG    urllib3.connectionpool https://dl.google.com:443 "GET /dl/cloudsdk/channels/rapid/components/google-cloud-sdk-preview-20241115154308.tar.gz HTTP/1.1" 200 823
2025-01-15 14:21:03,820 INFO     ___FILE_ONLY___ ════════════════════════════════════════════════════════════
2025-01-15 14:21:03,820 INFO     ___FILE_ONLY___ ╝

2025-01-15 14:21:03,821 INFO     ___FILE_ONLY___ ╔════════════════════════════════════════════════════════════╗

2025-01-15 14:21:03,822 INFO     ___FILE_ONLY___ ╠═ Installing: gcloud Alpha Commands                        ═╣

2025-01-15 14:21:03,822 INFO     ___FILE_ONLY___ ╚
2025-01-15 14:21:03,822 INFO     ___FILE_ONLY___ ════════════════════════════════════════════════════════════
2025-01-15 14:21:03,823 INFO     ___FILE_ONLY___ ╝

2025-01-15 14:21:03,831 INFO     ___FILE_ONLY___ ╔════════════════════════════════════════════════════════════╗

2025-01-15 14:21:03,832 INFO     ___FILE_ONLY___ ╠═ Installing: gcloud Beta Commands                         ═╣

2025-01-15 14:21:03,832 INFO     ___FILE_ONLY___ ╚
2025-01-15 14:21:03,832 INFO     ___FILE_ONLY___ ════════════════════════════════════════════════════════════
2025-01-15 14:21:03,832 INFO     ___FILE_ONLY___ ╝

2025-01-15 14:21:03,837 INFO     ___FILE_ONLY___ ╔════════════════════════════════════════════════════════════╗

2025-01-15 14:21:03,839 INFO     ___FILE_ONLY___ ╠═ Installing: gcloud Preview Commands                      ═╣

2025-01-15 14:21:03,839 INFO     ___FILE_ONLY___ ╚
2025-01-15 14:21:03,839 INFO     ___FILE_ONLY___ ════════════════════════════════════════════════════════════
2025-01-15 14:21:03,839 INFO     ___FILE_ONLY___ ╝

2025-01-15 14:21:03,845 DEBUG    root            Updating notification cache...
2025-01-15 14:21:03,845 INFO     ___FILE_ONLY___ 

2025-01-15 14:21:03,847 INFO     ___FILE_ONLY___ Performing post processing steps...
2025-01-15 14:21:03,847 DEBUG    root            Executing command: ['/tools/google-cloud-sdk/bin/gcloud', 'components', 'post-process']
2025-01-15 14:21:11,954 DEBUG    ___FILE_ONLY___ 
2025-01-15 14:21:11,955 DEBUG    ___FILE_ONLY___ 
2025-01-15 14:21:12,109 INFO     ___FILE_ONLY___ 
Update done!


2025-01-15 14:21:12,111 DEBUG    root            Chosen display Format:none
2025-01-15 14:21:12,112 INFO     root            Display format: "none"
