2025-01-15 14:20:46,449 DEBUG    root            Loaded Command Group: ['gcloud', 'components']
2025-01-15 14:20:46,453 DEBUG    root            Loaded Command Group: ['gcloud', 'components', 'update']
2025-01-15 14:20:46,455 DEBUG    root            Running [gcloud.components.update] with arguments: [--compile-python: "True", --quiet: "True", COMPONENT-IDS:6: "['core', 'gcloud-deps', 'bq', 'gcloud', 'gcloud-crc32c', 'gsutil']"]
2025-01-15 14:20:46,455 INFO     ___FILE_ONLY___ Beginning update. This process may take several minutes.

2025-01-15 14:20:46,489 DEBUG    urllib3.connectionpool Starting new HTTPS connection (1): dl.google.com:443
2025-01-15 14:20:46,559 DEBUG    urllib3.connectionpool https://dl.google.com:443 "GET /dl/cloudsdk/channels/rapid/components-2.json HTTP/1.1" 200 227824
2025-01-15 14:20:46,571 INFO     ___FILE_ONLY___ 

2025-01-15 14:20:46,571 INFO     ___FILE_ONLY___ 
Your current Google Cloud CLI version is: 506.0.0

2025-01-15 14:20:46,571 INFO     ___FILE_ONLY___ Installing components from version: 506.0.0

2025-01-15 14:20:46,571 INFO     ___FILE_ONLY___ 

2025-01-15 14:20:46,572 DEBUG    root            Chosen display Format:table[box,title="These components will be removed."](details.display_name:label=Name:align=left,version.version_string:label=Version:align=right,data.size.size(zero="",min=1048576):label=Size:align=right)
2025-01-15 14:20:46,572 DEBUG    root            Chosen display Format:table[box,title="These components will be updated."](details.display_name:label=Name:align=left,version.version_string:label=Version:align=right,data.size.size(zero="",min=1048576):label=Size:align=right)
2025-01-15 14:20:46,573 DEBUG    root            Chosen display Format:table[box,title="These components will be installed."](details.display_name:label=Name:align=left,version.version_string:label=Version:align=right,data.size.size(zero="",min=1048576):label=Size:align=right)
2025-01-15 14:20:46,608 INFO     ___FILE_ONLY___ ┌─────────────────────────────────────────────────────────────────────────────┐
2025-01-15 14:20:46,608 INFO     ___FILE_ONLY___ 

2025-01-15 14:20:46,609 INFO     ___FILE_ONLY___ │                     These components will be installed.                     │
2025-01-15 14:20:46,609 INFO     ___FILE_ONLY___ 

2025-01-15 14:20:46,609 INFO     ___FILE_ONLY___ ├─────────────────────────────────────────────────────┬────────────┬──────────┤
2025-01-15 14:20:46,609 INFO     ___FILE_ONLY___ 

2025-01-15 14:20:46,609 INFO     ___FILE_ONLY___ │                         Name                        │  Version   │   Size   │
2025-01-15 14:20:46,609 INFO     ___FILE_ONLY___ 

2025-01-15 14:20:46,609 INFO     ___FILE_ONLY___ ├─────────────────────────────────────────────────────┼────────────┼──────────┤
2025-01-15 14:20:46,609 INFO     ___FILE_ONLY___ 

2025-01-15 14:20:46,609 INFO     ___FILE_ONLY___ │ 
2025-01-15 14:20:46,609 INFO     ___FILE_ONLY___ BigQuery Command Line Tool                         
2025-01-15 14:20:46,609 INFO     ___FILE_ONLY___  
2025-01-15 14:20:46,609 INFO     ___FILE_ONLY___ │ 
2025-01-15 14:20:46,609 INFO     ___FILE_ONLY___     2.1.11
2025-01-15 14:20:46,609 INFO     ___FILE_ONLY___  
2025-01-15 14:20:46,609 INFO     ___FILE_ONLY___ │ 
2025-01-15 14:20:46,609 INFO     ___FILE_ONLY___  1.7 MiB
2025-01-15 14:20:46,609 INFO     ___FILE_ONLY___  
2025-01-15 14:20:46,609 INFO     ___FILE_ONLY___ │
2025-01-15 14:20:46,609 INFO     ___FILE_ONLY___ 

2025-01-15 14:20:46,610 INFO     ___FILE_ONLY___ │ 
2025-01-15 14:20:46,610 INFO     ___FILE_ONLY___ BigQuery Command Line Tool (Platform Specific)     
2025-01-15 14:20:46,610 INFO     ___FILE_ONLY___  
2025-01-15 14:20:46,610 INFO     ___FILE_ONLY___ │ 
2025-01-15 14:20:46,610 INFO     ___FILE_ONLY___      2.1.8
2025-01-15 14:20:46,610 INFO     ___FILE_ONLY___  
2025-01-15 14:20:46,610 INFO     ___FILE_ONLY___ │ 
2025-01-15 14:20:46,610 INFO     ___FILE_ONLY___  < 1 MiB
2025-01-15 14:20:46,610 INFO     ___FILE_ONLY___  
2025-01-15 14:20:46,610 INFO     ___FILE_ONLY___ │
2025-01-15 14:20:46,610 INFO     ___FILE_ONLY___ 

2025-01-15 14:20:46,610 INFO     ___FILE_ONLY___ │ 
2025-01-15 14:20:46,610 INFO     ___FILE_ONLY___ Bundled Python 3.11 (Platform Specific)            
2025-01-15 14:20:46,610 INFO     ___FILE_ONLY___  
2025-01-15 14:20:46,610 INFO     ___FILE_ONLY___ │ 
2025-01-15 14:20:46,610 INFO     ___FILE_ONLY___     3.11.9
2025-01-15 14:20:46,610 INFO     ___FILE_ONLY___  
2025-01-15 14:20:46,610 INFO     ___FILE_ONLY___ │ 
2025-01-15 14:20:46,610 INFO     ___FILE_ONLY___ 74.4 MiB
2025-01-15 14:20:46,610 INFO     ___FILE_ONLY___  
2025-01-15 14:20:46,610 INFO     ___FILE_ONLY___ │
2025-01-15 14:20:46,610 INFO     ___FILE_ONLY___ 

2025-01-15 14:20:46,611 INFO     ___FILE_ONLY___ │ 
2025-01-15 14:20:46,611 INFO     ___FILE_ONLY___ Cloud Storage Command Line Tool                    
2025-01-15 14:20:46,611 INFO     ___FILE_ONLY___  
2025-01-15 14:20:46,611 INFO     ___FILE_ONLY___ │ 
2025-01-15 14:20:46,611 INFO     ___FILE_ONLY___       5.33
2025-01-15 14:20:46,611 INFO     ___FILE_ONLY___  
2025-01-15 14:20:46,611 INFO     ___FILE_ONLY___ │ 
2025-01-15 14:20:46,611 INFO     ___FILE_ONLY___ 11.8 MiB
2025-01-15 14:20:46,611 INFO     ___FILE_ONLY___  
2025-01-15 14:20:46,611 INFO     ___FILE_ONLY___ │
2025-01-15 14:20:46,611 INFO     ___FILE_ONLY___ 

2025-01-15 14:20:46,611 INFO     ___FILE_ONLY___ │ 
2025-01-15 14:20:46,611 INFO     ___FILE_ONLY___ Cloud Storage Command Line Tool (Platform Specific)
2025-01-15 14:20:46,611 INFO     ___FILE_ONLY___  
2025-01-15 14:20:46,611 INFO     ___FILE_ONLY___ │ 
2025-01-15 14:20:46,611 INFO     ___FILE_ONLY___       5.30
2025-01-15 14:20:46,611 INFO     ___FILE_ONLY___  
2025-01-15 14:20:46,611 INFO     ___FILE_ONLY___ │ 
2025-01-15 14:20:46,611 INFO     ___FILE_ONLY___  < 1 MiB
2025-01-15 14:20:46,611 INFO     ___FILE_ONLY___  
2025-01-15 14:20:46,611 INFO     ___FILE_ONLY___ │
2025-01-15 14:20:46,611 INFO     ___FILE_ONLY___ 

2025-01-15 14:20:46,612 INFO     ___FILE_ONLY___ │ 
2025-01-15 14:20:46,612 INFO     ___FILE_ONLY___ Google Cloud CLI Core Libraries (Platform Specific)
2025-01-15 14:20:46,612 INFO     ___FILE_ONLY___  
2025-01-15 14:20:46,612 INFO     ___FILE_ONLY___ │ 
2025-01-15 14:20:46,612 INFO     ___FILE_ONLY___ 2024.08.30
2025-01-15 14:20:46,612 INFO     ___FILE_ONLY___  
2025-01-15 14:20:46,612 INFO     ___FILE_ONLY___ │ 
2025-01-15 14:20:46,612 INFO     ___FILE_ONLY___  < 1 MiB
2025-01-15 14:20:46,612 INFO     ___FILE_ONLY___  
2025-01-15 14:20:46,612 INFO     ___FILE_ONLY___ │
2025-01-15 14:20:46,612 INFO     ___FILE_ONLY___ 

2025-01-15 14:20:46,612 INFO     ___FILE_ONLY___ │ 
2025-01-15 14:20:46,612 INFO     ___FILE_ONLY___ Google Cloud CRC32C Hash Tool (Platform Specific)  
2025-01-15 14:20:46,612 INFO     ___FILE_ONLY___  
2025-01-15 14:20:46,612 INFO     ___FILE_ONLY___ │ 
2025-01-15 14:20:46,612 INFO     ___FILE_ONLY___      1.0.0
2025-01-15 14:20:46,612 INFO     ___FILE_ONLY___  
2025-01-15 14:20:46,612 INFO     ___FILE_ONLY___ │ 
2025-01-15 14:20:46,612 INFO     ___FILE_ONLY___  1.4 MiB
2025-01-15 14:20:46,612 INFO     ___FILE_ONLY___  
2025-01-15 14:20:46,612 INFO     ___FILE_ONLY___ │
2025-01-15 14:20:46,612 INFO     ___FILE_ONLY___ 

2025-01-15 14:20:46,613 INFO     ___FILE_ONLY___ │ 
2025-01-15 14:20:46,613 INFO     ___FILE_ONLY___ gcloud cli dependencies (Platform Specific)        
2025-01-15 14:20:46,613 INFO     ___FILE_ONLY___  
2025-01-15 14:20:46,613 INFO     ___FILE_ONLY___ │ 
2025-01-15 14:20:46,613 INFO     ___FILE_ONLY___ 2021.04.16
2025-01-15 14:20:46,613 INFO     ___FILE_ONLY___  
2025-01-15 14:20:46,613 INFO     ___FILE_ONLY___ │ 
2025-01-15 14:20:46,613 INFO     ___FILE_ONLY___  < 1 MiB
2025-01-15 14:20:46,613 INFO     ___FILE_ONLY___  
2025-01-15 14:20:46,613 INFO     ___FILE_ONLY___ │
2025-01-15 14:20:46,613 INFO     ___FILE_ONLY___ 

2025-01-15 14:20:46,613 INFO     ___FILE_ONLY___ └─────────────────────────────────────────────────────┴────────────┴──────────┘
2025-01-15 14:20:46,613 INFO     ___FILE_ONLY___ 

2025-01-15 14:20:46,613 INFO     ___FILE_ONLY___ 

2025-01-15 14:20:46,616 DEBUG    urllib3.connectionpool Starting new HTTPS connection (1): dl.google.com:443
2025-01-15 14:20:46,691 DEBUG    urllib3.connectionpool https://dl.google.com:443 "GET /dl/cloudsdk/channels/rapid/RELEASE_NOTES HTTP/1.1" 200 1339934
2025-01-15 14:20:46,736 INFO     ___FILE_ONLY___ For the latest full release notes, please visit:
  https://cloud.google.com/sdk/release_notes


2025-01-15 14:20:46,737 INFO     ___FILE_ONLY___ Performing in place update...


2025-01-15 14:20:46,739 INFO     ___FILE_ONLY___ ╔════════════════════════════════════════════════════════════╗

2025-01-15 14:20:46,739 INFO     ___FILE_ONLY___ ╠═ Downloading: BigQuery Command Line Tool                  ═╣

2025-01-15 14:20:46,739 INFO     ___FILE_ONLY___ ╚
2025-01-15 14:20:46,742 DEBUG    urllib3.connectionpool Starting new HTTPS connection (1): dl.google.com:443
2025-01-15 14:20:46,817 DEBUG    urllib3.connectionpool https://dl.google.com:443 "GET /dl/cloudsdk/channels/rapid/components/google-cloud-sdk-bq-20241213184646.tar.gz HTTP/1.1" 200 1828274
2025-01-15 14:20:46,828 INFO     ___FILE_ONLY___ ═
2025-01-15 14:20:46,829 INFO     ___FILE_ONLY___ ═
2025-01-15 14:20:46,829 INFO     ___FILE_ONLY___ ═
2025-01-15 14:20:46,829 INFO     ___FILE_ONLY___ ═
2025-01-15 14:20:46,829 INFO     ___FILE_ONLY___ ═
2025-01-15 14:20:46,829 INFO     ___FILE_ONLY___ ═
2025-01-15 14:20:46,829 INFO     ___FILE_ONLY___ ═
2025-01-15 14:20:46,829 INFO     ___FILE_ONLY___ ═
2025-01-15 14:20:46,829 INFO     ___FILE_ONLY___ ═
2025-01-15 14:20:46,829 INFO     ___FILE_ONLY___ ═
2025-01-15 14:20:46,829 INFO     ___FILE_ONLY___ ═
2025-01-15 14:20:46,829 INFO     ___FILE_ONLY___ ═
2025-01-15 14:20:46,829 INFO     ___FILE_ONLY___ ═
2025-01-15 14:20:46,830 INFO     ___FILE_ONLY___ ═
2025-01-15 14:20:46,830 INFO     ___FILE_ONLY___ ═
2025-01-15 14:20:46,830 INFO     ___FILE_ONLY___ ═
2025-01-15 14:20:46,830 INFO     ___FILE_ONLY___ ═
2025-01-15 14:20:46,830 INFO     ___FILE_ONLY___ ═
2025-01-15 14:20:46,830 INFO     ___FILE_ONLY___ ═
2025-01-15 14:20:46,830 INFO     ___FILE_ONLY___ ═
2025-01-15 14:20:46,830 INFO     ___FILE_ONLY___ ═
2025-01-15 14:20:46,830 INFO     ___FILE_ONLY___ ═
2025-01-15 14:20:46,830 INFO     ___FILE_ONLY___ ═
2025-01-15 14:20:46,830 INFO     ___FILE_ONLY___ ═
2025-01-15 14:20:46,830 INFO     ___FILE_ONLY___ ═
2025-01-15 14:20:46,831 INFO     ___FILE_ONLY___ ═
2025-01-15 14:20:46,831 INFO     ___FILE_ONLY___ ═
2025-01-15 14:20:46,831 INFO     ___FILE_ONLY___ ═
2025-01-15 14:20:46,831 INFO     ___FILE_ONLY___ ═
2025-01-15 14:20:46,831 INFO     ___FILE_ONLY___ ═
2025-01-15 14:20:46,831 INFO     ___FILE_ONLY___ ═
2025-01-15 14:20:46,831 INFO     ___FILE_ONLY___ ═
2025-01-15 14:20:46,831 INFO     ___FILE_ONLY___ ═
2025-01-15 14:20:46,831 INFO     ___FILE_ONLY___ ═
2025-01-15 14:20:46,831 INFO     ___FILE_ONLY___ ═
2025-01-15 14:20:46,831 INFO     ___FILE_ONLY___ ═
2025-01-15 14:20:46,831 INFO     ___FILE_ONLY___ ═
2025-01-15 14:20:46,832 INFO     ___FILE_ONLY___ ═
2025-01-15 14:20:46,832 INFO     ___FILE_ONLY___ ═
2025-01-15 14:20:46,832 INFO     ___FILE_ONLY___ ═
2025-01-15 14:20:46,832 INFO     ___FILE_ONLY___ ═
2025-01-15 14:20:46,832 INFO     ___FILE_ONLY___ ═
2025-01-15 14:20:46,832 INFO     ___FILE_ONLY___ ═
2025-01-15 14:20:46,832 INFO     ___FILE_ONLY___ ═
2025-01-15 14:20:46,832 INFO     ___FILE_ONLY___ ═
2025-01-15 14:20:46,832 INFO     ___FILE_ONLY___ ═
2025-01-15 14:20:46,832 INFO     ___FILE_ONLY___ ═
2025-01-15 14:20:46,832 INFO     ___FILE_ONLY___ ═
2025-01-15 14:20:46,832 INFO     ___FILE_ONLY___ ═
2025-01-15 14:20:46,833 INFO     ___FILE_ONLY___ ═
2025-01-15 14:20:46,833 INFO     ___FILE_ONLY___ ═
2025-01-15 14:20:46,833 INFO     ___FILE_ONLY___ ═
2025-01-15 14:20:46,833 INFO     ___FILE_ONLY___ ═
2025-01-15 14:20:46,833 INFO     ___FILE_ONLY___ ═
2025-01-15 14:20:46,833 INFO     ___FILE_ONLY___ ═
2025-01-15 14:20:46,833 INFO     ___FILE_ONLY___ ═
2025-01-15 14:20:46,833 INFO     ___FILE_ONLY___ ═
2025-01-15 14:20:46,833 INFO     ___FILE_ONLY___ ═
2025-01-15 14:20:46,833 INFO     ___FILE_ONLY___ ═
2025-01-15 14:20:46,833 INFO     ___FILE_ONLY___ ═
2025-01-15 14:20:46,833 INFO     ___FILE_ONLY___ ╝

2025-01-15 14:20:46,835 INFO     ___FILE_ONLY___ ╔════════════════════════════════════════════════════════════╗

2025-01-15 14:20:46,836 INFO     ___FILE_ONLY___ ╠═ Downloading: BigQuery Command Line Tool (Platform Spe... ═╣

2025-01-15 14:20:46,836 INFO     ___FILE_ONLY___ ╚
2025-01-15 14:20:46,839 DEBUG    urllib3.connectionpool Starting new HTTPS connection (1): dl.google.com:443
2025-01-15 14:20:46,919 DEBUG    urllib3.connectionpool https://dl.google.com:443 "GET /dl/cloudsdk/channels/rapid/components/google-cloud-sdk-bq-nix-20240830134514.tar.gz HTTP/1.1" 200 1914
2025-01-15 14:20:46,920 INFO     ___FILE_ONLY___ ════════════════════════════════════════════════════════════
2025-01-15 14:20:46,920 INFO     ___FILE_ONLY___ ╝

2025-01-15 14:20:46,922 INFO     ___FILE_ONLY___ ╔════════════════════════════════════════════════════════════╗

2025-01-15 14:20:46,922 INFO     ___FILE_ONLY___ ╠═ Downloading: Bundled Python 3.11                         ═╣

2025-01-15 14:20:46,922 INFO     ___FILE_ONLY___ ╚
2025-01-15 14:20:46,922 INFO     ___FILE_ONLY___ ════════════════════════════════════════════════════════════
2025-01-15 14:20:46,922 INFO     ___FILE_ONLY___ ╝

2025-01-15 14:20:46,924 INFO     ___FILE_ONLY___ ╔════════════════════════════════════════════════════════════╗

2025-01-15 14:20:46,924 INFO     ___FILE_ONLY___ ╠═ Downloading: Bundled Python 3.11 (Platform Specific)     ═╣

2025-01-15 14:20:46,924 INFO     ___FILE_ONLY___ ╚
2025-01-15 14:20:46,927 DEBUG    urllib3.connectionpool Starting new HTTPS connection (1): dl.google.com:443
2025-01-15 14:20:47,000 DEBUG    urllib3.connectionpool https://dl.google.com:443 "GET /dl/cloudsdk/channels/rapid/components/google-cloud-sdk-bundled-python3-unix-linux-x86_64-20240920144119.tar.gz HTTP/1.1" 200 78001783
2025-01-15 14:20:47,239 INFO     ___FILE_ONLY___ ═
2025-01-15 14:20:47,240 INFO     ___FILE_ONLY___ ═
2025-01-15 14:20:47,242 INFO     ___FILE_ONLY___ ═
2025-01-15 14:20:47,243 INFO     ___FILE_ONLY___ ═
2025-01-15 14:20:47,245 INFO     ___FILE_ONLY___ ═
2025-01-15 14:20:47,246 INFO     ___FILE_ONLY___ ═
2025-01-15 14:20:47,247 INFO     ___FILE_ONLY___ ═
2025-01-15 14:20:47,249 INFO     ___FILE_ONLY___ ═
2025-01-15 14:20:47,250 INFO     ___FILE_ONLY___ ═
2025-01-15 14:20:47,251 INFO     ___FILE_ONLY___ ═
2025-01-15 14:20:47,253 INFO     ___FILE_ONLY___ ═
2025-01-15 14:20:47,254 INFO     ___FILE_ONLY___ ═
2025-01-15 14:20:47,255 INFO     ___FILE_ONLY___ ═
2025-01-15 14:20:47,257 INFO     ___FILE_ONLY___ ═
2025-01-15 14:20:47,258 INFO     ___FILE_ONLY___ ═
2025-01-15 14:20:47,260 INFO     ___FILE_ONLY___ ═
2025-01-15 14:20:47,261 INFO     ___FILE_ONLY___ ═
2025-01-15 14:20:47,262 INFO     ___FILE_ONLY___ ═
2025-01-15 14:20:47,264 INFO     ___FILE_ONLY___ ═
2025-01-15 14:20:47,265 INFO     ___FILE_ONLY___ ═
2025-01-15 14:20:47,266 INFO     ___FILE_ONLY___ ═
2025-01-15 14:20:47,268 INFO     ___FILE_ONLY___ ═
2025-01-15 14:20:47,269 INFO     ___FILE_ONLY___ ═
2025-01-15 14:20:47,271 INFO     ___FILE_ONLY___ ═
2025-01-15 14:20:47,272 INFO     ___FILE_ONLY___ ═
2025-01-15 14:20:47,273 INFO     ___FILE_ONLY___ ═
2025-01-15 14:20:47,275 INFO     ___FILE_ONLY___ ═
2025-01-15 14:20:47,276 INFO     ___FILE_ONLY___ ═
2025-01-15 14:20:47,277 INFO     ___FILE_ONLY___ ═
2025-01-15 14:20:47,279 INFO     ___FILE_ONLY___ ═
2025-01-15 14:20:47,280 INFO     ___FILE_ONLY___ ═
2025-01-15 14:20:47,281 INFO     ___FILE_ONLY___ ═
2025-01-15 14:20:47,283 INFO     ___FILE_ONLY___ ═
2025-01-15 14:20:47,284 INFO     ___FILE_ONLY___ ═
2025-01-15 14:20:47,285 INFO     ___FILE_ONLY___ ═
2025-01-15 14:20:47,287 INFO     ___FILE_ONLY___ ═
2025-01-15 14:20:47,288 INFO     ___FILE_ONLY___ ═
2025-01-15 14:20:47,289 INFO     ___FILE_ONLY___ ═
2025-01-15 14:20:47,291 INFO     ___FILE_ONLY___ ═
2025-01-15 14:20:47,292 INFO     ___FILE_ONLY___ ═
2025-01-15 14:20:47,294 INFO     ___FILE_ONLY___ ═
2025-01-15 14:20:47,295 INFO     ___FILE_ONLY___ ═
2025-01-15 14:20:47,296 INFO     ___FILE_ONLY___ ═
2025-01-15 14:20:47,298 INFO     ___FILE_ONLY___ ═
2025-01-15 14:20:47,299 INFO     ___FILE_ONLY___ ═
2025-01-15 14:20:47,300 INFO     ___FILE_ONLY___ ═
2025-01-15 14:20:47,302 INFO     ___FILE_ONLY___ ═
2025-01-15 14:20:47,303 INFO     ___FILE_ONLY___ ═
2025-01-15 14:20:47,305 INFO     ___FILE_ONLY___ ═
2025-01-15 14:20:47,306 INFO     ___FILE_ONLY___ ═
2025-01-15 14:20:47,308 INFO     ___FILE_ONLY___ ═
2025-01-15 14:20:47,309 INFO     ___FILE_ONLY___ ═
2025-01-15 14:20:47,310 INFO     ___FILE_ONLY___ ═
2025-01-15 14:20:47,312 INFO     ___FILE_ONLY___ ═
2025-01-15 14:20:47,313 INFO     ___FILE_ONLY___ ═
2025-01-15 14:20:47,314 INFO     ___FILE_ONLY___ ═
2025-01-15 14:20:47,316 INFO     ___FILE_ONLY___ ═
2025-01-15 14:20:47,317 INFO     ___FILE_ONLY___ ═
2025-01-15 14:20:47,319 INFO     ___FILE_ONLY___ ═
2025-01-15 14:20:47,320 INFO     ___FILE_ONLY___ ═
2025-01-15 14:20:47,320 INFO     ___FILE_ONLY___ ╝

2025-01-15 14:20:47,322 INFO     ___FILE_ONLY___ ╔════════════════════════════════════════════════════════════╗

2025-01-15 14:20:47,322 INFO     ___FILE_ONLY___ ╠═ Downloading: Cloud Storage Command Line Tool             ═╣

2025-01-15 14:20:47,322 INFO     ___FILE_ONLY___ ╚
2025-01-15 14:20:47,325 DEBUG    urllib3.connectionpool Starting new HTTPS connection (1): dl.google.com:443
2025-01-15 14:20:47,402 DEBUG    urllib3.connectionpool https://dl.google.com:443 "GET /dl/cloudsdk/channels/rapid/components/google-cloud-sdk-gsutil-20241213184646.tar.gz HTTP/1.1" 200 12368759
2025-01-15 14:20:47,443 INFO     ___FILE_ONLY___ ═
2025-01-15 14:20:47,443 INFO     ___FILE_ONLY___ ═
2025-01-15 14:20:47,444 INFO     ___FILE_ONLY___ ═
2025-01-15 14:20:47,444 INFO     ___FILE_ONLY___ ═
2025-01-15 14:20:47,444 INFO     ___FILE_ONLY___ ═
2025-01-15 14:20:47,445 INFO     ___FILE_ONLY___ ═
2025-01-15 14:20:47,445 INFO     ___FILE_ONLY___ ═
2025-01-15 14:20:47,445 INFO     ___FILE_ONLY___ ═
2025-01-15 14:20:47,445 INFO     ___FILE_ONLY___ ═
2025-01-15 14:20:47,446 INFO     ___FILE_ONLY___ ═
2025-01-15 14:20:47,446 INFO     ___FILE_ONLY___ ═
2025-01-15 14:20:47,446 INFO     ___FILE_ONLY___ ═
2025-01-15 14:20:47,447 INFO     ___FILE_ONLY___ ═
2025-01-15 14:20:47,447 INFO     ___FILE_ONLY___ ═
2025-01-15 14:20:47,447 INFO     ___FILE_ONLY___ ═
2025-01-15 14:20:47,447 INFO     ___FILE_ONLY___ ═
2025-01-15 14:20:47,448 INFO     ___FILE_ONLY___ ═
2025-01-15 14:20:47,448 INFO     ___FILE_ONLY___ ═
2025-01-15 14:20:47,448 INFO     ___FILE_ONLY___ ═
2025-01-15 14:20:47,449 INFO     ___FILE_ONLY___ ═
2025-01-15 14:20:47,449 INFO     ___FILE_ONLY___ ═
2025-01-15 14:20:47,449 INFO     ___FILE_ONLY___ ═
2025-01-15 14:20:47,449 INFO     ___FILE_ONLY___ ═
2025-01-15 14:20:47,450 INFO     ___FILE_ONLY___ ═
2025-01-15 14:20:47,450 INFO     ___FILE_ONLY___ ═
2025-01-15 14:20:47,450 INFO     ___FILE_ONLY___ ═
2025-01-15 14:20:47,450 INFO     ___FILE_ONLY___ ═
2025-01-15 14:20:47,451 INFO     ___FILE_ONLY___ ═
2025-01-15 14:20:47,451 INFO     ___FILE_ONLY___ ═
2025-01-15 14:20:47,451 INFO     ___FILE_ONLY___ ═
2025-01-15 14:20:47,452 INFO     ___FILE_ONLY___ ═
2025-01-15 14:20:47,452 INFO     ___FILE_ONLY___ ═
2025-01-15 14:20:47,452 INFO     ___FILE_ONLY___ ═
2025-01-15 14:20:47,452 INFO     ___FILE_ONLY___ ═
2025-01-15 14:20:47,453 INFO     ___FILE_ONLY___ ═
2025-01-15 14:20:47,453 INFO     ___FILE_ONLY___ ═
2025-01-15 14:20:47,453 INFO     ___FILE_ONLY___ ═
2025-01-15 14:20:47,453 INFO     ___FILE_ONLY___ ═
2025-01-15 14:20:47,454 INFO     ___FILE_ONLY___ ═
2025-01-15 14:20:47,454 INFO     ___FILE_ONLY___ ═
2025-01-15 14:20:47,454 INFO     ___FILE_ONLY___ ═
2025-01-15 14:20:47,454 INFO     ___FILE_ONLY___ ═
2025-01-15 14:20:47,455 INFO     ___FILE_ONLY___ ═
2025-01-15 14:20:47,455 INFO     ___FILE_ONLY___ ═
2025-01-15 14:20:47,455 INFO     ___FILE_ONLY___ ═
2025-01-15 14:20:47,456 INFO     ___FILE_ONLY___ ═
2025-01-15 14:20:47,456 INFO     ___FILE_ONLY___ ═
2025-01-15 14:20:47,456 INFO     ___FILE_ONLY___ ═
2025-01-15 14:20:47,456 INFO     ___FILE_ONLY___ ═
2025-01-15 14:20:47,457 INFO     ___FILE_ONLY___ ═
2025-01-15 14:20:47,457 INFO     ___FILE_ONLY___ ═
2025-01-15 14:20:47,457 INFO     ___FILE_ONLY___ ═
2025-01-15 14:20:47,457 INFO     ___FILE_ONLY___ ═
2025-01-15 14:20:47,458 INFO     ___FILE_ONLY___ ═
2025-01-15 14:20:47,458 INFO     ___FILE_ONLY___ ═
2025-01-15 14:20:47,458 INFO     ___FILE_ONLY___ ═
2025-01-15 14:20:47,459 INFO     ___FILE_ONLY___ ═
2025-01-15 14:20:47,459 INFO     ___FILE_ONLY___ ═
2025-01-15 14:20:47,459 INFO     ___FILE_ONLY___ ═
2025-01-15 14:20:47,459 INFO     ___FILE_ONLY___ ═
2025-01-15 14:20:47,459 INFO     ___FILE_ONLY___ ╝

2025-01-15 14:20:47,461 INFO     ___FILE_ONLY___ ╔════════════════════════════════════════════════════════════╗

2025-01-15 14:20:47,462 INFO     ___FILE_ONLY___ ╠═ Downloading: Cloud Storage Command Line Tool (Platfor... ═╣

2025-01-15 14:20:47,462 INFO     ___FILE_ONLY___ ╚
2025-01-15 14:20:47,465 DEBUG    urllib3.connectionpool Starting new HTTPS connection (1): dl.google.com:443
2025-01-15 14:20:47,534 DEBUG    urllib3.connectionpool https://dl.google.com:443 "GET /dl/cloudsdk/channels/rapid/components/google-cloud-sdk-gsutil-nix-20240830134514.tar.gz HTTP/1.1" 200 1928
2025-01-15 14:20:47,534 INFO     ___FILE_ONLY___ ════════════════════════════════════════════════════════════
2025-01-15 14:20:47,534 INFO     ___FILE_ONLY___ ╝

2025-01-15 14:20:47,536 INFO     ___FILE_ONLY___ ╔════════════════════════════════════════════════════════════╗

2025-01-15 14:20:47,536 INFO     ___FILE_ONLY___ ╠═ Downloading: Default set of gcloud commands              ═╣

2025-01-15 14:20:47,536 INFO     ___FILE_ONLY___ ╚
2025-01-15 14:20:47,536 INFO     ___FILE_ONLY___ ════════════════════════════════════════════════════════════
2025-01-15 14:20:47,536 INFO     ___FILE_ONLY___ ╝

2025-01-15 14:20:47,538 INFO     ___FILE_ONLY___ ╔════════════════════════════════════════════════════════════╗

2025-01-15 14:20:47,538 INFO     ___FILE_ONLY___ ╠═ Downloading: Google Cloud CLI Core Libraries (Platfor... ═╣

2025-01-15 14:20:47,538 INFO     ___FILE_ONLY___ ╚
2025-01-15 14:20:47,541 DEBUG    urllib3.connectionpool Starting new HTTPS connection (1): dl.google.com:443
2025-01-15 14:20:47,613 DEBUG    urllib3.connectionpool https://dl.google.com:443 "GET /dl/cloudsdk/channels/rapid/components/google-cloud-sdk-core-nix-20240830134514.tar.gz HTTP/1.1" 200 2306
2025-01-15 14:20:47,614 INFO     ___FILE_ONLY___ ════════════════════════════════════════════════════════════
2025-01-15 14:20:47,614 INFO     ___FILE_ONLY___ ╝

2025-01-15 14:20:47,616 INFO     ___FILE_ONLY___ ╔════════════════════════════════════════════════════════════╗

2025-01-15 14:20:47,616 INFO     ___FILE_ONLY___ ╠═ Downloading: Google Cloud CRC32C Hash Tool               ═╣

2025-01-15 14:20:47,616 INFO     ___FILE_ONLY___ ╚
2025-01-15 14:20:47,616 INFO     ___FILE_ONLY___ ════════════════════════════════════════════════════════════
2025-01-15 14:20:47,616 INFO     ___FILE_ONLY___ ╝

2025-01-15 14:20:47,618 INFO     ___FILE_ONLY___ ╔════════════════════════════════════════════════════════════╗

2025-01-15 14:20:47,618 INFO     ___FILE_ONLY___ ╠═ Downloading: Google Cloud CRC32C Hash Tool (Platform ... ═╣

2025-01-15 14:20:47,618 INFO     ___FILE_ONLY___ ╚
2025-01-15 14:20:47,621 DEBUG    urllib3.connectionpool Starting new HTTPS connection (1): dl.google.com:443
2025-01-15 14:20:47,719 DEBUG    urllib3.connectionpool https://dl.google.com:443 "GET /dl/cloudsdk/channels/rapid/components/google-cloud-sdk-gcloud-crc32c-linux-x86_64-20250110133808.tar.gz HTTP/1.1" 200 1478989
2025-01-15 14:20:47,728 INFO     ___FILE_ONLY___ ═
2025-01-15 14:20:47,728 INFO     ___FILE_ONLY___ ═
2025-01-15 14:20:47,728 INFO     ___FILE_ONLY___ ═
2025-01-15 14:20:47,728 INFO     ___FILE_ONLY___ ═
2025-01-15 14:20:47,728 INFO     ___FILE_ONLY___ ═
2025-01-15 14:20:47,728 INFO     ___FILE_ONLY___ ═
2025-01-15 14:20:47,728 INFO     ___FILE_ONLY___ ═
2025-01-15 14:20:47,729 INFO     ___FILE_ONLY___ ═
2025-01-15 14:20:47,729 INFO     ___FILE_ONLY___ ═
2025-01-15 14:20:47,729 INFO     ___FILE_ONLY___ ═
2025-01-15 14:20:47,729 INFO     ___FILE_ONLY___ ═
2025-01-15 14:20:47,729 INFO     ___FILE_ONLY___ ═
2025-01-15 14:20:47,729 INFO     ___FILE_ONLY___ ═
2025-01-15 14:20:47,729 INFO     ___FILE_ONLY___ ═
2025-01-15 14:20:47,730 INFO     ___FILE_ONLY___ ═
2025-01-15 14:20:47,730 INFO     ___FILE_ONLY___ ═
2025-01-15 14:20:47,730 INFO     ___FILE_ONLY___ ═
2025-01-15 14:20:47,730 INFO     ___FILE_ONLY___ ═
2025-01-15 14:20:47,730 INFO     ___FILE_ONLY___ ═
2025-01-15 14:20:47,730 INFO     ___FILE_ONLY___ ═
2025-01-15 14:20:47,730 INFO     ___FILE_ONLY___ ═
2025-01-15 14:20:47,730 INFO     ___FILE_ONLY___ ═
2025-01-15 14:20:47,730 INFO     ___FILE_ONLY___ ═
2025-01-15 14:20:47,731 INFO     ___FILE_ONLY___ ═
2025-01-15 14:20:47,731 INFO     ___FILE_ONLY___ ═
2025-01-15 14:20:47,731 INFO     ___FILE_ONLY___ ═
2025-01-15 14:20:47,731 INFO     ___FILE_ONLY___ ═
2025-01-15 14:20:47,731 INFO     ___FILE_ONLY___ ═
2025-01-15 14:20:47,731 INFO     ___FILE_ONLY___ ═
2025-01-15 14:20:47,732 INFO     ___FILE_ONLY___ ═
2025-01-15 14:20:47,732 INFO     ___FILE_ONLY___ ═
2025-01-15 14:20:47,732 INFO     ___FILE_ONLY___ ═
2025-01-15 14:20:47,732 INFO     ___FILE_ONLY___ ═
2025-01-15 14:20:47,732 INFO     ___FILE_ONLY___ ═
2025-01-15 14:20:47,732 INFO     ___FILE_ONLY___ ═
2025-01-15 14:20:47,732 INFO     ___FILE_ONLY___ ═
2025-01-15 14:20:47,732 INFO     ___FILE_ONLY___ ═
2025-01-15 14:20:47,732 INFO     ___FILE_ONLY___ ═
2025-01-15 14:20:47,733 INFO     ___FILE_ONLY___ ═
2025-01-15 14:20:47,733 INFO     ___FILE_ONLY___ ═
2025-01-15 14:20:47,733 INFO     ___FILE_ONLY___ ═
2025-01-15 14:20:47,733 INFO     ___FILE_ONLY___ ═
2025-01-15 14:20:47,733 INFO     ___FILE_ONLY___ ═
2025-01-15 14:20:47,733 INFO     ___FILE_ONLY___ ═
2025-01-15 14:20:47,733 INFO     ___FILE_ONLY___ ═
2025-01-15 14:20:47,733 INFO     ___FILE_ONLY___ ═
2025-01-15 14:20:47,733 INFO     ___FILE_ONLY___ ═
2025-01-15 14:20:47,733 INFO     ___FILE_ONLY___ ═
2025-01-15 14:20:47,734 INFO     ___FILE_ONLY___ ═
2025-01-15 14:20:47,734 INFO     ___FILE_ONLY___ ═
2025-01-15 14:20:47,734 INFO     ___FILE_ONLY___ ═
2025-01-15 14:20:47,734 INFO     ___FILE_ONLY___ ═
2025-01-15 14:20:47,734 INFO     ___FILE_ONLY___ ═
2025-01-15 14:20:47,734 INFO     ___FILE_ONLY___ ═
2025-01-15 14:20:47,734 INFO     ___FILE_ONLY___ ═
2025-01-15 14:20:47,734 INFO     ___FILE_ONLY___ ═
2025-01-15 14:20:47,734 INFO     ___FILE_ONLY___ ═
2025-01-15 14:20:47,735 INFO     ___FILE_ONLY___ ═
2025-01-15 14:20:47,735 INFO     ___FILE_ONLY___ ═
2025-01-15 14:20:47,735 INFO     ___FILE_ONLY___ ═
2025-01-15 14:20:47,735 INFO     ___FILE_ONLY___ ╝

2025-01-15 14:20:47,737 INFO     ___FILE_ONLY___ ╔════════════════════════════════════════════════════════════╗

2025-01-15 14:20:47,737 INFO     ___FILE_ONLY___ ╠═ Downloading: gcloud cli dependencies (Platform Specific) ═╣

2025-01-15 14:20:47,737 INFO     ___FILE_ONLY___ ╚
2025-01-15 14:20:47,748 DEBUG    urllib3.connectionpool Starting new HTTPS connection (1): dl.google.com:443
2025-01-15 14:20:47,816 DEBUG    urllib3.connectionpool https://dl.google.com:443 "GET /dl/cloudsdk/channels/rapid/components/google-cloud-sdk-gcloud-deps-linux-x86_64-20210416153011.tar.gz HTTP/1.1" 200 104
2025-01-15 14:20:47,817 INFO     ___FILE_ONLY___ ════════════════════════════════════════════════════════════
2025-01-15 14:20:47,817 INFO     ___FILE_ONLY___ ╝

2025-01-15 14:20:47,819 INFO     ___FILE_ONLY___ ╔════════════════════════════════════════════════════════════╗

2025-01-15 14:20:47,819 INFO     ___FILE_ONLY___ ╠═ Installing: BigQuery Command Line Tool                   ═╣

2025-01-15 14:20:47,819 INFO     ___FILE_ONLY___ ╚
2025-01-15 14:20:47,910 INFO     ___FILE_ONLY___ ═
2025-01-15 14:20:47,912 INFO     ___FILE_ONLY___ ═
2025-01-15 14:20:47,914 INFO     ___FILE_ONLY___ ═
2025-01-15 14:20:47,917 INFO     ___FILE_ONLY___ ═
2025-01-15 14:20:47,919 INFO     ___FILE_ONLY___ ═
2025-01-15 14:20:47,921 INFO     ___FILE_ONLY___ ═
2025-01-15 14:20:47,924 INFO     ___FILE_ONLY___ ═
2025-01-15 14:20:47,926 INFO     ___FILE_ONLY___ ═
2025-01-15 14:20:47,928 INFO     ___FILE_ONLY___ ═
2025-01-15 14:20:47,930 INFO     ___FILE_ONLY___ ═
2025-01-15 14:20:47,932 INFO     ___FILE_ONLY___ ═
2025-01-15 14:20:47,934 INFO     ___FILE_ONLY___ ═
2025-01-15 14:20:47,936 INFO     ___FILE_ONLY___ ═
2025-01-15 14:20:47,938 INFO     ___FILE_ONLY___ ═
2025-01-15 14:20:47,940 INFO     ___FILE_ONLY___ ═
2025-01-15 14:20:47,942 INFO     ___FILE_ONLY___ ═
2025-01-15 14:20:47,944 INFO     ___FILE_ONLY___ ═
2025-01-15 14:20:47,947 INFO     ___FILE_ONLY___ ═
2025-01-15 14:20:47,949 INFO     ___FILE_ONLY___ ═
2025-01-15 14:20:47,951 INFO     ___FILE_ONLY___ ═
2025-01-15 14:20:47,953 INFO     ___FILE_ONLY___ ═
2025-01-15 14:20:47,960 INFO     ___FILE_ONLY___ ═
2025-01-15 14:20:47,961 INFO     ___FILE_ONLY___ ═
2025-01-15 14:20:47,963 INFO     ___FILE_ONLY___ ═
2025-01-15 14:20:47,966 INFO     ___FILE_ONLY___ ═
2025-01-15 14:20:47,967 INFO     ___FILE_ONLY___ ═
2025-01-15 14:20:47,970 INFO     ___FILE_ONLY___ ═
2025-01-15 14:20:47,972 INFO     ___FILE_ONLY___ ═
2025-01-15 14:20:47,975 INFO     ___FILE_ONLY___ ═
2025-01-15 14:20:47,977 INFO     ___FILE_ONLY___ ═
2025-01-15 14:20:47,979 INFO     ___FILE_ONLY___ ═
2025-01-15 14:20:47,982 INFO     ___FILE_ONLY___ ═
2025-01-15 14:20:47,984 INFO     ___FILE_ONLY___ ═
2025-01-15 14:20:47,988 INFO     ___FILE_ONLY___ ═
2025-01-15 14:20:47,996 INFO     ___FILE_ONLY___ ═
2025-01-15 14:20:47,997 INFO     ___FILE_ONLY___ ═
2025-01-15 14:20:48,000 INFO     ___FILE_ONLY___ ═
2025-01-15 14:20:48,012 INFO     ___FILE_ONLY___ ═
2025-01-15 14:20:48,014 INFO     ___FILE_ONLY___ ═
2025-01-15 14:20:48,016 INFO     ___FILE_ONLY___ ═
2025-01-15 14:20:48,018 INFO     ___FILE_ONLY___ ═
2025-01-15 14:20:48,022 INFO     ___FILE_ONLY___ ═
2025-01-15 14:20:48,027 INFO     ___FILE_ONLY___ ═
2025-01-15 14:20:48,031 INFO     ___FILE_ONLY___ ═
2025-01-15 14:20:48,033 INFO     ___FILE_ONLY___ ═
2025-01-15 14:20:48,035 INFO     ___FILE_ONLY___ ═
2025-01-15 14:20:48,037 INFO     ___FILE_ONLY___ ═
2025-01-15 14:20:48,039 INFO     ___FILE_ONLY___ ═
2025-01-15 14:20:48,041 INFO     ___FILE_ONLY___ ═
2025-01-15 14:20:48,043 INFO     ___FILE_ONLY___ ═
2025-01-15 14:20:48,045 INFO     ___FILE_ONLY___ ═
2025-01-15 14:20:48,047 INFO     ___FILE_ONLY___ ═
2025-01-15 14:20:48,049 INFO     ___FILE_ONLY___ ═
2025-01-15 14:20:48,051 INFO     ___FILE_ONLY___ ═
2025-01-15 14:20:48,053 INFO     ___FILE_ONLY___ ═
2025-01-15 14:20:48,055 INFO     ___FILE_ONLY___ ═
2025-01-15 14:20:48,057 INFO     ___FILE_ONLY___ ═
2025-01-15 14:20:48,059 INFO     ___FILE_ONLY___ ═
2025-01-15 14:20:48,061 INFO     ___FILE_ONLY___ ═
2025-01-15 14:20:48,063 INFO     ___FILE_ONLY___ ═
2025-01-15 14:20:48,063 INFO     ___FILE_ONLY___ ╝

2025-01-15 14:20:48,070 INFO     ___FILE_ONLY___ ╔════════════════════════════════════════════════════════════╗

2025-01-15 14:20:48,071 INFO     ___FILE_ONLY___ ╠═ Installing: BigQuery Command Line Tool (Platform Spec... ═╣

2025-01-15 14:20:48,071 INFO     ___FILE_ONLY___ ╚
2025-01-15 14:20:48,071 INFO     ___FILE_ONLY___ ════════════════════════════════════════════════════════════
2025-01-15 14:20:48,072 INFO     ___FILE_ONLY___ ╝

2025-01-15 14:20:48,075 INFO     ___FILE_ONLY___ ╔════════════════════════════════════════════════════════════╗

2025-01-15 14:20:48,075 INFO     ___FILE_ONLY___ ╠═ Installing: Bundled Python 3.11                          ═╣

2025-01-15 14:20:48,075 INFO     ___FILE_ONLY___ ╚
2025-01-15 14:20:48,078 INFO     ___FILE_ONLY___ ════════════════════════════════════════════════════════════
2025-01-15 14:20:48,078 INFO     ___FILE_ONLY___ ╝

2025-01-15 14:20:48,079 INFO     ___FILE_ONLY___ ╔════════════════════════════════════════════════════════════╗

2025-01-15 14:20:48,079 INFO     ___FILE_ONLY___ ╠═ Installing: Bundled Python 3.11 (Platform Specific)      ═╣

2025-01-15 14:20:48,079 INFO     ___FILE_ONLY___ ╚
2025-01-15 14:20:50,014 INFO     ___FILE_ONLY___ ═
2025-01-15 14:20:50,028 INFO     ___FILE_ONLY___ ═
2025-01-15 14:20:50,040 INFO     ___FILE_ONLY___ ═
2025-01-15 14:20:50,051 INFO     ___FILE_ONLY___ ═
2025-01-15 14:20:50,062 INFO     ___FILE_ONLY___ ═
2025-01-15 14:20:50,073 INFO     ___FILE_ONLY___ ═
2025-01-15 14:20:50,090 INFO     ___FILE_ONLY___ ═
2025-01-15 14:20:50,116 INFO     ___FILE_ONLY___ ═
2025-01-15 14:20:50,128 INFO     ___FILE_ONLY___ ═
2025-01-15 14:20:50,152 INFO     ___FILE_ONLY___ ═
2025-01-15 14:20:50,163 INFO     ___FILE_ONLY___ ═
2025-01-15 14:20:50,214 INFO     ___FILE_ONLY___ ═
2025-01-15 14:20:50,226 INFO     ___FILE_ONLY___ ═
2025-01-15 14:20:50,255 INFO     ___FILE_ONLY___ ═
2025-01-15 14:20:50,267 INFO     ___FILE_ONLY___ ═
2025-01-15 14:20:50,279 INFO     ___FILE_ONLY___ ═
2025-01-15 14:20:50,297 INFO     ___FILE_ONLY___ ═
2025-01-15 14:20:50,332 INFO     ___FILE_ONLY___ ═
2025-01-15 14:20:50,343 INFO     ___FILE_ONLY___ ═
2025-01-15 14:20:50,354 INFO     ___FILE_ONLY___ ═
2025-01-15 14:20:50,365 INFO     ___FILE_ONLY___ ═
2025-01-15 14:20:50,376 INFO     ___FILE_ONLY___ ═
2025-01-15 14:20:50,413 INFO     ___FILE_ONLY___ ═
2025-01-15 14:20:50,427 INFO     ___FILE_ONLY___ ═
2025-01-15 14:20:50,441 INFO     ___FILE_ONLY___ ═
2025-01-15 14:20:50,455 INFO     ___FILE_ONLY___ ═
2025-01-15 14:20:50,468 INFO     ___FILE_ONLY___ ═
2025-01-15 14:20:50,481 INFO     ___FILE_ONLY___ ═
2025-01-15 14:20:50,495 INFO     ___FILE_ONLY___ ═
2025-01-15 14:20:50,509 INFO     ___FILE_ONLY___ ═
2025-01-15 14:20:50,522 INFO     ___FILE_ONLY___ ═
2025-01-15 14:20:50,535 INFO     ___FILE_ONLY___ ═
2025-01-15 14:20:50,548 INFO     ___FILE_ONLY___ ═
2025-01-15 14:20:50,562 INFO     ___FILE_ONLY___ ═
2025-01-15 14:20:50,576 INFO     ___FILE_ONLY___ ═
2025-01-15 14:20:50,589 INFO     ___FILE_ONLY___ ═
2025-01-15 14:20:51,476 INFO     ___FILE_ONLY___ ═
2025-01-15 14:20:51,505 INFO     ___FILE_ONLY___ ═
2025-01-15 14:20:51,532 INFO     ___FILE_ONLY___ ═
2025-01-15 14:20:51,551 INFO     ___FILE_ONLY___ ═
2025-01-15 14:20:51,570 INFO     ___FILE_ONLY___ ═
2025-01-15 14:20:51,730 INFO     ___FILE_ONLY___ ═
2025-01-15 14:20:51,762 INFO     ___FILE_ONLY___ ═
2025-01-15 14:20:51,783 INFO     ___FILE_ONLY___ ═
2025-01-15 14:20:51,799 INFO     ___FILE_ONLY___ ═
2025-01-15 14:20:51,820 INFO     ___FILE_ONLY___ ═
2025-01-15 14:20:51,858 INFO     ___FILE_ONLY___ ═
2025-01-15 14:20:51,882 INFO     ___FILE_ONLY___ ═
2025-01-15 14:20:51,900 INFO     ___FILE_ONLY___ ═
2025-01-15 14:20:51,917 INFO     ___FILE_ONLY___ ═
2025-01-15 14:20:52,028 INFO     ___FILE_ONLY___ ═
2025-01-15 14:20:52,053 INFO     ___FILE_ONLY___ ═
2025-01-15 14:20:52,076 INFO     ___FILE_ONLY___ ═
2025-01-15 14:20:52,101 INFO     ___FILE_ONLY___ ═
2025-01-15 14:20:52,152 INFO     ___FILE_ONLY___ ═
2025-01-15 14:20:52,567 INFO     ___FILE_ONLY___ ═
2025-01-15 14:20:52,586 INFO     ___FILE_ONLY___ ═
2025-01-15 14:20:52,606 INFO     ___FILE_ONLY___ ═
2025-01-15 14:20:52,632 INFO     ___FILE_ONLY___ ═
2025-01-15 14:20:53,063 INFO     ___FILE_ONLY___ ═
2025-01-15 14:20:53,063 INFO     ___FILE_ONLY___ ╝

2025-01-15 14:20:53,108 INFO     ___FILE_ONLY___ ╔════════════════════════════════════════════════════════════╗

2025-01-15 14:20:53,108 INFO     ___FILE_ONLY___ ╠═ Installing: Cloud Storage Command Line Tool              ═╣

2025-01-15 14:20:53,108 INFO     ___FILE_ONLY___ ╚
2025-01-15 14:20:53,637 INFO     ___FILE_ONLY___ ═
2025-01-15 14:20:53,653 INFO     ___FILE_ONLY___ ═
2025-01-15 14:20:53,673 INFO     ___FILE_ONLY___ ═
2025-01-15 14:20:53,689 INFO     ___FILE_ONLY___ ═
2025-01-15 14:20:53,703 INFO     ___FILE_ONLY___ ═
2025-01-15 14:20:53,715 INFO     ___FILE_ONLY___ ═
2025-01-15 14:20:53,728 INFO     ___FILE_ONLY___ ═
2025-01-15 14:20:53,740 INFO     ___FILE_ONLY___ ═
2025-01-15 14:20:53,754 INFO     ___FILE_ONLY___ ═
2025-01-15 14:20:53,767 INFO     ___FILE_ONLY___ ═
2025-01-15 14:20:53,779 INFO     ___FILE_ONLY___ ═
2025-01-15 14:20:53,791 INFO     ___FILE_ONLY___ ═
2025-01-15 14:20:53,800 INFO     ___FILE_ONLY___ ═
2025-01-15 14:20:53,809 INFO     ___FILE_ONLY___ ═
2025-01-15 14:20:53,819 INFO     ___FILE_ONLY___ ═
2025-01-15 14:20:53,828 INFO     ___FILE_ONLY___ ═
2025-01-15 14:20:53,838 INFO     ___FILE_ONLY___ ═
2025-01-15 14:20:53,849 INFO     ___FILE_ONLY___ ═
2025-01-15 14:20:53,860 INFO     ___FILE_ONLY___ ═
2025-01-15 14:20:53,870 INFO     ___FILE_ONLY___ ═
2025-01-15 14:20:53,882 INFO     ___FILE_ONLY___ ═
2025-01-15 14:20:53,895 INFO     ___FILE_ONLY___ ═
2025-01-15 14:20:53,910 INFO     ___FILE_ONLY___ ═
2025-01-15 14:20:53,920 INFO     ___FILE_ONLY___ ═
2025-01-15 14:20:53,931 INFO     ___FILE_ONLY___ ═
2025-01-15 14:20:53,945 INFO     ___FILE_ONLY___ ═
2025-01-15 14:20:53,961 INFO     ___FILE_ONLY___ ═
2025-01-15 14:20:53,979 INFO     ___FILE_ONLY___ ═
2025-01-15 14:20:53,994 INFO     ___FILE_ONLY___ ═
2025-01-15 14:20:54,014 INFO     ___FILE_ONLY___ ═
2025-01-15 14:20:54,024 INFO     ___FILE_ONLY___ ═
2025-01-15 14:20:54,034 INFO     ___FILE_ONLY___ ═
2025-01-15 14:20:54,051 INFO     ___FILE_ONLY___ ═
2025-01-15 14:20:54,063 INFO     ___FILE_ONLY___ ═
2025-01-15 14:20:54,073 INFO     ___FILE_ONLY___ ═
2025-01-15 14:20:54,083 INFO     ___FILE_ONLY___ ═
2025-01-15 14:20:54,092 INFO     ___FILE_ONLY___ ═
2025-01-15 14:20:54,102 INFO     ___FILE_ONLY___ ═
2025-01-15 14:20:54,113 INFO     ___FILE_ONLY___ ═
2025-01-15 14:20:54,124 INFO     ___FILE_ONLY___ ═
2025-01-15 14:20:54,133 INFO     ___FILE_ONLY___ ═
2025-01-15 14:20:54,145 INFO     ___FILE_ONLY___ ═
2025-01-15 14:20:54,154 INFO     ___FILE_ONLY___ ═
2025-01-15 14:20:54,167 INFO     ___FILE_ONLY___ ═
2025-01-15 14:20:54,182 INFO     ___FILE_ONLY___ ═
2025-01-15 14:20:54,193 INFO     ___FILE_ONLY___ ═
2025-01-15 14:20:54,201 INFO     ___FILE_ONLY___ ═
2025-01-15 14:20:54,212 INFO     ___FILE_ONLY___ ═
2025-01-15 14:20:54,221 INFO     ___FILE_ONLY___ ═
2025-01-15 14:20:54,233 INFO     ___FILE_ONLY___ ═
2025-01-15 14:20:54,249 INFO     ___FILE_ONLY___ ═
2025-01-15 14:20:54,260 INFO     ___FILE_ONLY___ ═
2025-01-15 14:20:54,274 INFO     ___FILE_ONLY___ ═
2025-01-15 14:20:54,286 INFO     ___FILE_ONLY___ ═
2025-01-15 14:20:54,321 INFO     ___FILE_ONLY___ ═
2025-01-15 14:20:54,330 INFO     ___FILE_ONLY___ ═
2025-01-15 14:20:54,339 INFO     ___FILE_ONLY___ ═
2025-01-15 14:20:54,349 INFO     ___FILE_ONLY___ ═
2025-01-15 14:20:54,360 INFO     ___FILE_ONLY___ ═
2025-01-15 14:20:54,373 INFO     ___FILE_ONLY___ ═
2025-01-15 14:20:54,373 INFO     ___FILE_ONLY___ ╝

2025-01-15 14:20:54,402 INFO     ___FILE_ONLY___ ╔════════════════════════════════════════════════════════════╗

2025-01-15 14:20:54,402 INFO     ___FILE_ONLY___ ╠═ Installing: Cloud Storage Command Line Tool (Platform... ═╣

2025-01-15 14:20:54,402 INFO     ___FILE_ONLY___ ╚
2025-01-15 14:20:54,403 INFO     ___FILE_ONLY___ ════════════════════════════════════════════════════════════
2025-01-15 14:20:54,403 INFO     ___FILE_ONLY___ ╝

2025-01-15 14:20:54,407 INFO     ___FILE_ONLY___ ╔════════════════════════════════════════════════════════════╗

2025-01-15 14:20:54,407 INFO     ___FILE_ONLY___ ╠═ Installing: Default set of gcloud commands               ═╣

2025-01-15 14:20:54,407 INFO     ___FILE_ONLY___ ╚
2025-01-15 14:20:54,409 INFO     ___FILE_ONLY___ ════════════════════════════════════════════════════════════
2025-01-15 14:20:54,409 INFO     ___FILE_ONLY___ ╝

2025-01-15 14:20:54,411 INFO     ___FILE_ONLY___ ╔════════════════════════════════════════════════════════════╗

2025-01-15 14:20:54,411 INFO     ___FILE_ONLY___ ╠═ Installing: Google Cloud CLI Core Libraries (Platform... ═╣

2025-01-15 14:20:54,411 INFO     ___FILE_ONLY___ ╚
2025-01-15 14:20:54,412 INFO     ___FILE_ONLY___ ══════════════════════════════
2025-01-15 14:20:54,412 INFO     ___FILE_ONLY___ ══════════════════════════════
2025-01-15 14:20:54,412 INFO     ___FILE_ONLY___ ╝

2025-01-15 14:20:54,416 INFO     ___FILE_ONLY___ ╔════════════════════════════════════════════════════════════╗

2025-01-15 14:20:54,416 INFO     ___FILE_ONLY___ ╠═ Installing: Google Cloud CRC32C Hash Tool                ═╣

2025-01-15 14:20:54,416 INFO     ___FILE_ONLY___ ╚
2025-01-15 14:20:54,418 INFO     ___FILE_ONLY___ ════════════════════════════════════════════════════════════
2025-01-15 14:20:54,418 INFO     ___FILE_ONLY___ ╝

2025-01-15 14:20:54,420 INFO     ___FILE_ONLY___ ╔════════════════════════════════════════════════════════════╗

2025-01-15 14:20:54,420 INFO     ___FILE_ONLY___ ╠═ Installing: Google Cloud CRC32C Hash Tool (Platform S... ═╣

2025-01-15 14:20:54,420 INFO     ___FILE_ONLY___ ╚
2025-01-15 14:20:54,457 INFO     ___FILE_ONLY___ ══════════════════════════════
2025-01-15 14:20:54,458 INFO     ___FILE_ONLY___ ══════════════════════════════
2025-01-15 14:20:54,458 INFO     ___FILE_ONLY___ ╝

2025-01-15 14:20:54,462 INFO     ___FILE_ONLY___ ╔════════════════════════════════════════════════════════════╗

2025-01-15 14:20:54,463 INFO     ___FILE_ONLY___ ╠═ Installing: gcloud cli dependencies (Platform Specific)  ═╣

2025-01-15 14:20:54,463 INFO     ___FILE_ONLY___ ╚
2025-01-15 14:20:54,463 INFO     ___FILE_ONLY___ ════════════════════════════════════════════════════════════
2025-01-15 14:20:54,463 INFO     ___FILE_ONLY___ ╝

2025-01-15 14:20:54,468 DEBUG    root            Updating notification cache...
2025-01-15 14:20:54,468 INFO     ___FILE_ONLY___ 

2025-01-15 14:20:54,470 INFO     ___FILE_ONLY___ Performing post processing steps...
2025-01-15 14:20:54,470 DEBUG    root            Executing command: ['/tools/google-cloud-sdk/bin/gcloud', 'components', 'post-process']
2025-01-15 14:21:02,522 DEBUG    ___FILE_ONLY___ 
2025-01-15 14:21:02,522 DEBUG    ___FILE_ONLY___ 
2025-01-15 14:21:02,741 INFO     ___FILE_ONLY___ 
Update done!


2025-01-15 14:21:02,744 DEBUG    root            Chosen display Format:none
2025-01-15 14:21:02,745 INFO     root            Display format: "none"
